d:\visual studio 2017\project\jsonto\jsonto\jsonto\debug\jsonto.pch
d:\visual studio 2017\project\jsonto\jsonto\jsonto\debug\vc141.pdb
d:\visual studio 2017\project\jsonto\jsonto\jsonto\debug\vc141.idb
d:\visual studio 2017\project\jsonto\jsonto\jsonto\debug\stdafx.obj
d:\visual studio 2017\project\jsonto\jsonto\jsonto\debug\departments.obj
d:\visual studio 2017\project\jsonto\jsonto\jsonto\debug\readjson.obj
d:\visual studio 2017\project\jsonto\jsonto\jsonto\debug\main.obj
d:\visual studio 2017\project\jsonto\jsonto\jsonto\debug\students.obj
d:\visual studio 2017\project\jsonto\jsonto\debug\jsonto.ilk
d:\visual studio 2017\project\jsonto\jsonto\debug\jsonto.exe
d:\visual studio 2017\project\jsonto\jsonto\debug\jsonto.pdb
d:\github\stod\stod\jsonto\jsonto\jsonto\debug\departments.obj
d:\github\stod\stod\jsonto\jsonto\jsonto\debug\main.obj
d:\github\stod\stod\jsonto\jsonto\jsonto\debug\readjson.obj
d:\github\stod\stod\jsonto\jsonto\jsonto\debug\stdafx.obj
d:\github\stod\stod\jsonto\jsonto\jsonto\debug\students.obj
d:\github\stod\stod\jsonto\jsonto\jsonto\debug\jsonto.pch
d:\github\stod\stod\jsonto\jsonto\jsonto\debug\vc141.idb
d:\github\stod\stod\jsonto\jsonto\jsonto\debug\vc141.pdb
d:\github\stod\stod\jsonto\jsonto\debug\jsonto.pdb
d:\github\stod\stod\jsonto\jsonto\debug\jsonto.exe
d:\github\stod\stod\jsonto\jsonto\debug\jsonto.ilk
d:\github\stod\stod\jsonto\jsonto\jsonto\debug\jsonto.tlog\cl.command.1.tlog
d:\github\stod\stod\jsonto\jsonto\jsonto\debug\jsonto.tlog\cl.read.1.tlog
d:\github\stod\stod\jsonto\jsonto\jsonto\debug\jsonto.tlog\cl.write.1.tlog
d:\github\stod\stod\jsonto\jsonto\jsonto\debug\jsonto.tlog\link.command.1.tlog
d:\github\stod\stod\jsonto\jsonto\jsonto\debug\jsonto.tlog\link.read.1.tlog
d:\github\stod\stod\jsonto\jsonto\jsonto\debug\jsonto.tlog\link.write.1.tlog
